<?xml version="1.0" encoding="UTF-8"?>
<!-- Generated by org.testng.reporters.JUnitReportReporter -->
<testsuite hostname="LAPTOP-6I2ERQM6" failures="0" tests="2" name="verification.VerifyTheActiTime" time="41.032" errors="0" timestamp="2024-01-02T16:10:28 IST" skipped="0">
  <testcase classname="verification.VerifyTheActiTime" name="VerifyTheTask" time="13.305"/>
  <system-out/>
  <testcase classname="verification.VerifyTheActiTime" name="VerifyTheTask" time="27.727"/>
  <system-out/>
</testsuite> <!-- verification.VerifyTheActiTime -->
