<?xml version="1.0" encoding="UTF-8"?>
<!-- Generated by org.testng.reporters.JUnitReportReporter -->
<testsuite hostname="LAPTOP-6I2ERQM6" failures="0" tests="1" name="demo.DemoListener.Demo" time="5.472" errors="0" timestamp="2023-12-29T16:59:00 IST" skipped="0">
  <testcase classname="demo.DemoListener.Demo" name="testone" time="5.472"/>
  <system-out/>
</testsuite> <!-- demo.DemoListener.Demo -->
