<?xml version="1.0" encoding="UTF-8"?>
<!-- Generated by org.testng.reporters.JUnitReportReporter -->
<testsuite hostname="LAPTOP-6I2ERQM6" failures="0" tests="5" name="verification.DemoPractise" time="2.016" errors="0" timestamp="2023-12-26T17:11:51 IST" skipped="1">
  <testcase classname="verification.DemoPractise" name="TestE" time="2.013"/>
  <system-out/>
  <testcase classname="verification.DemoPractise" name="TestA" time="0.001"/>
  <system-out/>
  <testcase classname="verification.DemoPractise" name="TestB" time="0.001"/>
  <system-out/>
  <testcase classname="verification.DemoPractise" name="TestC" time="0.001"/>
  <system-out/>
  <testcase classname="verification.DemoPractise" name="TestD">
    <skipped/>
  </testcase> <!-- TestD -->
  <system-out/>
</testsuite> <!-- verification.DemoPractise -->
